0 info it worked if it ends with ok
1 verbose cli [ '/usr/local/bin/node', '/usr/local/bin/npm', 'publish' ]
2 info using npm@2.15.1
3 info using node@v4.4.3
4 verbose publish [ '.' ]
5 silly cache add args [ '.', null ]
6 verbose cache add spec .
7 silly cache add parsed spec Result {
7 silly cache add   raw: '.',
7 silly cache add   scope: null,
7 silly cache add   name: null,
7 silly cache add   rawSpec: '.',
7 silly cache add   spec: '/Users/antoniobrandao/WEBROOT/ab/npm_modules/swipeshow',
7 silly cache add   type: 'directory' }
8 verbose addLocalDirectory /Users/antoniobrandao/.npm/ab-swipeshow/0.10.10/package.tgz not in flight; packing
9 verbose correctMkdir /Users/antoniobrandao/.npm correctMkdir not in flight; initializing
10 verbose tar pack [ '/Users/antoniobrandao/.npm/ab-swipeshow/0.10.10/package.tgz',
10 verbose tar pack   '/Users/antoniobrandao/WEBROOT/ab/npm_modules/swipeshow' ]
11 verbose tarball /Users/antoniobrandao/.npm/ab-swipeshow/0.10.10/package.tgz
12 verbose folder /Users/antoniobrandao/WEBROOT/ab/npm_modules/swipeshow
13 info prepublish ab-swipeshow@0.10.10
14 verbose unsafe-perm in lifecycle true
15 info ab-swipeshow@0.10.10 Failed to exec prepublish script
16 error addLocalDirectory Could not pack /Users/antoniobrandao/WEBROOT/ab/npm_modules/swipeshow to /Users/antoniobrandao/.npm/ab-swipeshow/0.10.10/package.tgz
17 error addLocal Could not install /Users/antoniobrandao/WEBROOT/ab/npm_modules/swipeshow
18 verbose stack Error: ab-swipeshow@0.10.10 prepublish: `make -B jquery.swipeshow.min.js`
18 verbose stack Exit status 2
18 verbose stack     at EventEmitter.<anonymous> (/usr/local/lib/node_modules/npm/lib/utils/lifecycle.js:217:16)
18 verbose stack     at emitTwo (events.js:87:13)
18 verbose stack     at EventEmitter.emit (events.js:172:7)
18 verbose stack     at ChildProcess.<anonymous> (/usr/local/lib/node_modules/npm/lib/utils/spawn.js:24:14)
18 verbose stack     at emitTwo (events.js:87:13)
18 verbose stack     at ChildProcess.emit (events.js:172:7)
18 verbose stack     at maybeClose (internal/child_process.js:827:16)
18 verbose stack     at Process.ChildProcess._handle.onexit (internal/child_process.js:211:5)
19 verbose pkgid ab-swipeshow@0.10.10
20 verbose cwd /Users/antoniobrandao/WEBROOT/ab/npm_modules/swipeshow
21 error Darwin 15.5.0
22 error argv "/usr/local/bin/node" "/usr/local/bin/npm" "publish"
23 error node v4.4.3
24 error npm  v2.15.1
25 error code ELIFECYCLE
26 error ab-swipeshow@0.10.10 prepublish: `make -B jquery.swipeshow.min.js`
26 error Exit status 2
27 error Failed at the ab-swipeshow@0.10.10 prepublish script 'make -B jquery.swipeshow.min.js'.
27 error This is most likely a problem with the ab-swipeshow package,
27 error not with npm itself.
27 error Tell the author that this fails on your system:
27 error     make -B jquery.swipeshow.min.js
27 error You can get information on how to open an issue for this project with:
27 error     npm bugs ab-swipeshow
27 error Or if that isn't available, you can get their info via:
27 error
27 error     npm owner ls ab-swipeshow
27 error There is likely additional logging output above.
28 verbose exit [ 1, true ]
